#-----------------------------------------------------------
# Vivado v2019.1 (64-bit)
# SW Build 2552052 on Fri May 24 14:47:09 MDT 2019
# IP Build 2548770 on Fri May 24 18:01:18 MDT 2019
# Start of session at: Wed Jun 21 12:26:25 2023
# Process ID: 21035
# Current directory: /home/manvar00/Downloads/RELEASE_DVD/vivado_designs/Zcu_102_varun
# Command line: vivado
# Log file: /home/manvar00/Downloads/RELEASE_DVD/vivado_designs/Zcu_102_varun/vivado.log
# Journal file: /home/manvar00/Downloads/RELEASE_DVD/vivado_designs/Zcu_102_varun/vivado.jou
#-----------------------------------------------------------
start_gui
open_project /home/manvar00/Downloads/RELEASE_DVD/vivado_designs/Zcu_102_varun/project_2/project_2.xpr
Scanning sources...
Finished scanning sources
WARNING: [filemgmt 56-3] IP Repository Path: Could not find the directory '/home/manvar00/Downloads/workspace/ug871-design-files/ug871-design-files/Using_IP_with_Zynq/lab1/hls_macc/vhls_prj/solution1/impl/ip'.
WARNING: [filemgmt 56-3] IP Repository Path: Could not find the directory '/home/manvar00/Downloads/workspace/ug871-design-files/ug871-design-files/Introduction/lab1/lab1/solution1/impl/ip'.
INFO: [IP_Flow 19-234] Refreshing IP repositories
WARNING: [IP_Flow 19-2248] Failed to load user IP repository '/home/manvar00/Downloads/workspace/ug871-design-files/ug871-design-files/Using_IP_with_Zynq/lab1/hls_macc/vhls_prj/solution1/impl/ip'; Can't find the specified path.
If this directory should no longer be in your list of user repositories, go to the IP Settings dialog and remove it.
WARNING: [IP_Flow 19-2248] Failed to load user IP repository '/home/manvar00/Downloads/workspace/ug871-design-files/ug871-design-files/Introduction/lab1/lab1/solution1/impl/ip'; Can't find the specified path.
If this directory should no longer be in your list of user repositories, go to the IP Settings dialog and remove it.
INFO: [IP_Flow 19-2313] Loaded Vivado IP repository '/Software/xilinx/2019.1-sdx/Vivado/2019.1/data/ip'.
CRITICAL WARNING: [Common 17-1649] The Vivado message database '/home/manvar00/Downloads/RELEASE_DVD/vivado_designs/Zcu_102_varun/project_2/project_2.runs/Base_Zynq_MPSoC_Measurement_Load_0_0_synth_1/vivado.pb' contains 25264 messages. Restoring all messages from this message database will impact Vivado performance, so only WARNING, CRITICAL WARNING, and ERROR messages will be restored. To restore all messages from this file use the tcl command 'set_param messaging.loadPbLimit 25265' and re-open the project.
open_project: Time (s): cpu = 00:00:19 ; elapsed = 00:00:15 . Memory (MB): peak = 6692.621 ; gain = 122.633 ; free physical = 393 ; free virtual = 88941
update_compile_order -fileset sources_1
launch_runs impl_1 -to_step write_bitstream -jobs 8
WARNING: [BD 41-176] The physical port 'M_AXI_HPM0_FPD_aximm_wr_socket' specified in the portmap, is not found on the block! 
WARNING: [BD 41-176] The physical port 'M_AXI_HPM0_FPD_aximm_rd_socket' specified in the portmap, is not found on the block! 
WARNING: [BD 41-176] The physical port 'M_AXI_HPM1_FPD_aximm_wr_socket' specified in the portmap, is not found on the block! 
WARNING: [BD 41-176] The physical port 'M_AXI_HPM1_FPD_aximm_rd_socket' specified in the portmap, is not found on the block! 
INFO: [BD 41-1662] The design 'Base_Zynq_MPSoC.bd' is already validated. Therefore parameter propagation will not be re-run.
WARNING: [BD 41-235] Width mismatch when connecting pin: '/ps8_0_axi_periph/xbar/s_axi_awid'(19) to net 's00_couplers_to_xbar_AWID'(16) - Only lower order bits will be connected.
WARNING: [BD 41-235] Width mismatch when connecting pin: '/ps8_0_axi_periph/xbar/s_axi_arid'(19) to net 's00_couplers_to_xbar_ARID'(16) - Only lower order bits will be connected.
WARNING: [BD 41-235] Width mismatch when connecting pin: '/ps8_0_axi_periph/xbar/s_axi_awid'(19) to net 's01_couplers_to_xbar_AWID'(16) - Only lower order bits will be connected.
WARNING: [BD 41-235] Width mismatch when connecting pin: '/ps8_0_axi_periph/xbar/s_axi_arid'(19) to net 's01_couplers_to_xbar_ARID'(16) - Only lower order bits will be connected.
WARNING: [BD 41-235] Width mismatch when connecting pin: '/zynq_ultra_ps_e_0/maxigp0_bid'(16) to net 'zynq_ultra_ps_e_0_M_AXI_HPM0_FPD_BID'(19) - Only lower order bits will be connected.
WARNING: [BD 41-235] Width mismatch when connecting pin: '/zynq_ultra_ps_e_0/maxigp0_rid'(16) to net 'zynq_ultra_ps_e_0_M_AXI_HPM0_FPD_RID'(19) - Only lower order bits will be connected.
WARNING: [BD 41-235] Width mismatch when connecting pin: '/zynq_ultra_ps_e_0/maxigp1_bid'(16) to net 'zynq_ultra_ps_e_0_M_AXI_HPM1_FPD_BID'(19) - Only lower order bits will be connected.
WARNING: [BD 41-235] Width mismatch when connecting pin: '/zynq_ultra_ps_e_0/maxigp1_rid'(16) to net 'zynq_ultra_ps_e_0_M_AXI_HPM1_FPD_RID'(19) - Only lower order bits will be connected.
VHDL Output written to : /home/manvar00/Downloads/RELEASE_DVD/vivado_designs/Zcu_102_varun/project_2/project_2.srcs/sources_1/bd/Base_Zynq_MPSoC/synth/Base_Zynq_MPSoC.v
WARNING: [BD 41-235] Width mismatch when connecting pin: '/ps8_0_axi_periph/xbar/s_axi_awid'(19) to net 's00_couplers_to_xbar_AWID'(16) - Only lower order bits will be connected.
WARNING: [BD 41-235] Width mismatch when connecting pin: '/ps8_0_axi_periph/xbar/s_axi_arid'(19) to net 's00_couplers_to_xbar_ARID'(16) - Only lower order bits will be connected.
WARNING: [BD 41-235] Width mismatch when connecting pin: '/ps8_0_axi_periph/xbar/s_axi_awid'(19) to net 's01_couplers_to_xbar_AWID'(16) - Only lower order bits will be connected.
WARNING: [BD 41-235] Width mismatch when connecting pin: '/ps8_0_axi_periph/xbar/s_axi_arid'(19) to net 's01_couplers_to_xbar_ARID'(16) - Only lower order bits will be connected.
WARNING: [BD 41-235] Width mismatch when connecting pin: '/zynq_ultra_ps_e_0/maxigp0_bid'(16) to net 'zynq_ultra_ps_e_0_M_AXI_HPM0_FPD_BID'(19) - Only lower order bits will be connected.
WARNING: [BD 41-235] Width mismatch when connecting pin: '/zynq_ultra_ps_e_0/maxigp0_rid'(16) to net 'zynq_ultra_ps_e_0_M_AXI_HPM0_FPD_RID'(19) - Only lower order bits will be connected.
WARNING: [BD 41-235] Width mismatch when connecting pin: '/zynq_ultra_ps_e_0/maxigp1_bid'(16) to net 'zynq_ultra_ps_e_0_M_AXI_HPM1_FPD_BID'(19) - Only lower order bits will be connected.
WARNING: [BD 41-235] Width mismatch when connecting pin: '/zynq_ultra_ps_e_0/maxigp1_rid'(16) to net 'zynq_ultra_ps_e_0_M_AXI_HPM1_FPD_RID'(19) - Only lower order bits will be connected.
VHDL Output written to : /home/manvar00/Downloads/RELEASE_DVD/vivado_designs/Zcu_102_varun/project_2/project_2.srcs/sources_1/bd/Base_Zynq_MPSoC/sim/Base_Zynq_MPSoC.v
VHDL Output written to : /home/manvar00/Downloads/RELEASE_DVD/vivado_designs/Zcu_102_varun/project_2/project_2.srcs/sources_1/bd/Base_Zynq_MPSoC/hdl/Base_Zynq_MPSoC_wrapper.v
INFO: [xilinx.com:ip:zynq_ultra_ps_e:3.3-0] Base_Zynq_MPSoC_zynq_ultra_ps_e_0_0: 
Changes in your design (including the PCW configuration settings) are not automatically exported from Vivado to Xilinx's SDK, Petalinux or Yocto.
This is by design to avoid disrupting existing embedded development efforts. To have any changes of your design taking effect in the embedded software flow please export your
design by going through Vivado's main menu, click on File, then Export finally select Export Hardware, please ensure you click on the Include BitStream option.
The auto-generated HDF file is all you need to import in Xilinx's SDK, Petalinux or Yocto for your changes to be reflected in the Embedded Software Flow.
For more information, please consult PG201, section: Exporting PCW Settings to Embedded Software Flows
INFO: [PSU-0] Address Range of DDR (0x7ff00000 to 0x7fffffff) is reserved by PMU for internal purpose.
WARNING: [IP_Flow 19-5611] Unable to find an associated reset port for the interface 'M_AXI_HPM0_FPD'. A default connection has been created.
WARNING: [IP_Flow 19-5611] Unable to find an associated reset port for the interface 'M_AXI_HPM1_FPD'. A default connection has been created.
INFO: [BD 41-1029] Generation completed for the IP Integrator block zynq_ultra_ps_e_0 .
INFO: [BD 41-1029] Generation completed for the IP Integrator block axi_gpio_0 .
INFO: [BD 41-1029] Generation completed for the IP Integrator block rst_ps8_0_100M .
INFO: [BD 41-1029] Generation completed for the IP Integrator block system_management_wiz_0 .
INFO: [BD 41-1029] Generation completed for the IP Integrator block axi_gpio_1 .
INFO: [BD 41-1029] Generation completed for the IP Integrator block axi_gpio_2 .
INFO: [BD 41-1029] Generation completed for the IP Integrator block Simulated_Load_IP_Co_0 .
INFO: [BD 41-1029] Generation completed for the IP Integrator block Measurement_Load_0 .
INFO: [BD 41-1029] Generation completed for the IP Integrator block pwm_0 .
INFO: [BD 41-1029] Generation completed for the IP Integrator block ps8_0_axi_periph/xbar .
WARNING: [IP_Flow 19-4994] Overwriting existing constraint file '/home/manvar00/Downloads/RELEASE_DVD/vivado_designs/Zcu_102_varun/project_2/project_2.srcs/sources_1/bd/Base_Zynq_MPSoC/ip/Base_Zynq_MPSoC_auto_ds_0/Base_Zynq_MPSoC_auto_ds_0_ooc.xdc'
INFO: [BD 41-1029] Generation completed for the IP Integrator block ps8_0_axi_periph/m00_couplers/auto_ds .
WARNING: [IP_Flow 19-4994] Overwriting existing constraint file '/home/manvar00/Downloads/RELEASE_DVD/vivado_designs/Zcu_102_varun/project_2/project_2.srcs/sources_1/bd/Base_Zynq_MPSoC/ip/Base_Zynq_MPSoC_auto_pc_0/Base_Zynq_MPSoC_auto_pc_0_ooc.xdc'
INFO: [BD 41-1029] Generation completed for the IP Integrator block ps8_0_axi_periph/m00_couplers/auto_pc .
WARNING: [IP_Flow 19-4994] Overwriting existing constraint file '/home/manvar00/Downloads/RELEASE_DVD/vivado_designs/Zcu_102_varun/project_2/project_2.srcs/sources_1/bd/Base_Zynq_MPSoC/ip/Base_Zynq_MPSoC_auto_ds_1/Base_Zynq_MPSoC_auto_ds_1_ooc.xdc'
INFO: [BD 41-1029] Generation completed for the IP Integrator block ps8_0_axi_periph/m02_couplers/auto_ds .
WARNING: [IP_Flow 19-4994] Overwriting existing constraint file '/home/manvar00/Downloads/RELEASE_DVD/vivado_designs/Zcu_102_varun/project_2/project_2.srcs/sources_1/bd/Base_Zynq_MPSoC/ip/Base_Zynq_MPSoC_auto_pc_1/Base_Zynq_MPSoC_auto_pc_1_ooc.xdc'
INFO: [BD 41-1029] Generation completed for the IP Integrator block ps8_0_axi_periph/m02_couplers/auto_pc .
WARNING: [IP_Flow 19-4994] Overwriting existing constraint file '/home/manvar00/Downloads/RELEASE_DVD/vivado_designs/Zcu_102_varun/project_2/project_2.srcs/sources_1/bd/Base_Zynq_MPSoC/ip/Base_Zynq_MPSoC_auto_ds_2/Base_Zynq_MPSoC_auto_ds_2_ooc.xdc'
INFO: [BD 41-1029] Generation completed for the IP Integrator block ps8_0_axi_periph/m03_couplers/auto_ds .
WARNING: [IP_Flow 19-4994] Overwriting existing constraint file '/home/manvar00/Downloads/RELEASE_DVD/vivado_designs/Zcu_102_varun/project_2/project_2.srcs/sources_1/bd/Base_Zynq_MPSoC/ip/Base_Zynq_MPSoC_auto_pc_2/Base_Zynq_MPSoC_auto_pc_2_ooc.xdc'
INFO: [BD 41-1029] Generation completed for the IP Integrator block ps8_0_axi_periph/m03_couplers/auto_pc .
WARNING: [IP_Flow 19-4994] Overwriting existing constraint file '/home/manvar00/Downloads/RELEASE_DVD/vivado_designs/Zcu_102_varun/project_2/project_2.srcs/sources_1/bd/Base_Zynq_MPSoC/ip/Base_Zynq_MPSoC_auto_ds_3/Base_Zynq_MPSoC_auto_ds_3_ooc.xdc'
INFO: [BD 41-1029] Generation completed for the IP Integrator block ps8_0_axi_periph/m04_couplers/auto_ds .
WARNING: [IP_Flow 19-4994] Overwriting existing constraint file '/home/manvar00/Downloads/RELEASE_DVD/vivado_designs/Zcu_102_varun/project_2/project_2.srcs/sources_1/bd/Base_Zynq_MPSoC/ip/Base_Zynq_MPSoC_auto_pc_3/Base_Zynq_MPSoC_auto_pc_3_ooc.xdc'
INFO: [BD 41-1029] Generation completed for the IP Integrator block ps8_0_axi_periph/m04_couplers/auto_pc .
Exporting to file /home/manvar00/Downloads/RELEASE_DVD/vivado_designs/Zcu_102_varun/project_2/project_2.srcs/sources_1/bd/Base_Zynq_MPSoC/hw_handoff/Base_Zynq_MPSoC.hwh
Generated Block Design Tcl file /home/manvar00/Downloads/RELEASE_DVD/vivado_designs/Zcu_102_varun/project_2/project_2.srcs/sources_1/bd/Base_Zynq_MPSoC/hw_handoff/Base_Zynq_MPSoC_bd.tcl
Generated Hardware Definition File /home/manvar00/Downloads/RELEASE_DVD/vivado_designs/Zcu_102_varun/project_2/project_2.srcs/sources_1/bd/Base_Zynq_MPSoC/synth/Base_Zynq_MPSoC.hwdef
INFO: [IP_Flow 19-4993] Using cached IP synthesis design for IP Base_Zynq_MPSoC_auto_ds_0, cache-ID = ae77e31201d4173a; cache size = 154.234 MB.
INFO: [IP_Flow 19-4993] Using cached IP synthesis design for IP Base_Zynq_MPSoC_auto_ds_1, cache-ID = 91b72b2a94c291f5; cache size = 154.234 MB.
INFO: [IP_Flow 19-4993] Using cached IP synthesis design for IP Base_Zynq_MPSoC_auto_ds_3, cache-ID = ae77e31201d4173a; cache size = 154.234 MB.
INFO: [IP_Flow 19-4993] Using cached IP synthesis design for IP Base_Zynq_MPSoC_auto_ds_2, cache-ID = ae77e31201d4173a; cache size = 154.234 MB.
INFO: [IP_Flow 19-4993] Using cached IP synthesis design for IP Base_Zynq_MPSoC_auto_pc_1, cache-ID = ecf1d786e6ad2331; cache size = 154.234 MB.
INFO: [IP_Flow 19-4993] Using cached IP synthesis design for IP Base_Zynq_MPSoC_auto_pc_0, cache-ID = 5770d914cc32cbee; cache size = 154.234 MB.
INFO: [IP_Flow 19-4993] Using cached IP synthesis design for IP Base_Zynq_MPSoC_auto_pc_2, cache-ID = 5770d914cc32cbee; cache size = 154.234 MB.
INFO: [IP_Flow 19-4993] Using cached IP synthesis design for IP Base_Zynq_MPSoC_auto_pc_3, cache-ID = 5770d914cc32cbee; cache size = 154.234 MB.
[Wed Jun 21 13:03:02 2023] Launched Base_Zynq_MPSoC_zynq_ultra_ps_e_0_0_synth_1, synth_1...
Run output will be captured here:
Base_Zynq_MPSoC_zynq_ultra_ps_e_0_0_synth_1: /home/manvar00/Downloads/RELEASE_DVD/vivado_designs/Zcu_102_varun/project_2/project_2.runs/Base_Zynq_MPSoC_zynq_ultra_ps_e_0_0_synth_1/runme.log
synth_1: /home/manvar00/Downloads/RELEASE_DVD/vivado_designs/Zcu_102_varun/project_2/project_2.runs/synth_1/runme.log
[Wed Jun 21 13:03:02 2023] Launched impl_1...
Run output will be captured here: /home/manvar00/Downloads/RELEASE_DVD/vivado_designs/Zcu_102_varun/project_2/project_2.runs/impl_1/runme.log
launch_runs: Time (s): cpu = 00:38:08 ; elapsed = 00:33:53 . Memory (MB): peak = 7526.516 ; gain = 452.773 ; free physical = 3522 ; free virtual = 88542
file copy -force /home/manvar00/Downloads/RELEASE_DVD/vivado_designs/Zcu_102_varun/project_2/project_2.runs/impl_1/Base_Zynq_MPSoC_wrapper.sysdef /home/manvar00/Downloads/RELEASE_DVD/vivado_designs/Zcu_102_varun/project_2/project_2.sdk/Base_Zynq_MPSoC_wrapper.hdf

launch_sdk -workspace /home/manvar00/Downloads/RELEASE_DVD/vivado_designs/Zcu_102_varun/project_2/project_2.sdk -hwspec /home/manvar00/Downloads/RELEASE_DVD/vivado_designs/Zcu_102_varun/project_2/project_2.sdk/Base_Zynq_MPSoC_wrapper.hdf
INFO: [Vivado 12-393] Launching SDK...
INFO: [Vivado 12-417] Running xsdk -workspace /home/manvar00/Downloads/RELEASE_DVD/vivado_designs/Zcu_102_varun/project_2/project_2.sdk -hwspec /home/manvar00/Downloads/RELEASE_DVD/vivado_designs/Zcu_102_varun/project_2/project_2.sdk/Base_Zynq_MPSoC_wrapper.hdf
INFO: [Vivado 12-3157] SDK launch initiated. Please check console for any further messages.
exit
INFO: [Common 17-206] Exiting Vivado at Wed Jun 21 14:34:46 2023...
