#-----------------------------------------------------------
# Vivado v2019.1 (64-bit)
# SW Build 2552052 on Fri May 24 14:47:09 MDT 2019
# IP Build 2548770 on Fri May 24 18:01:18 MDT 2019
# Start of session at: Fri Jul 28 15:09:30 2023
# Process ID: 1973
# Current directory: /home/manvar00/Downloads/RELEASE_DVD/vivado_designs/Zcu_102_varun/project_2
# Command line: vivado
# Log file: /home/manvar00/Downloads/RELEASE_DVD/vivado_designs/Zcu_102_varun/project_2/vivado.log
# Journal file: /home/manvar00/Downloads/RELEASE_DVD/vivado_designs/Zcu_102_varun/project_2/vivado.jou
#-----------------------------------------------------------
start_gui
open_project /home/manvar00/Downloads/RELEASE_DVD/vivado_designs/Zcu_102_varun/project_2/project_2.xpr
Scanning sources...
Finished scanning sources
WARNING: [filemgmt 56-3] IP Repository Path: Could not find the directory '/home/manvar00/Downloads/workspace/ug871-design-files/ug871-design-files/Using_IP_with_Zynq/lab1/hls_macc/vhls_prj/solution1/impl/ip'.
WARNING: [filemgmt 56-3] IP Repository Path: Could not find the directory '/home/manvar00/Downloads/workspace/ug871-design-files/ug871-design-files/Introduction/lab1/lab1/solution1/impl/ip'.
INFO: [IP_Flow 19-234] Refreshing IP repositories
WARNING: [IP_Flow 19-2248] Failed to load user IP repository '/home/manvar00/Downloads/workspace/ug871-design-files/ug871-design-files/Using_IP_with_Zynq/lab1/hls_macc/vhls_prj/solution1/impl/ip'; Can't find the specified path.
If this directory should no longer be in your list of user repositories, go to the IP Settings dialog and remove it.
WARNING: [IP_Flow 19-2248] Failed to load user IP repository '/home/manvar00/Downloads/workspace/ug871-design-files/ug871-design-files/Introduction/lab1/lab1/solution1/impl/ip'; Can't find the specified path.
If this directory should no longer be in your list of user repositories, go to the IP Settings dialog and remove it.
INFO: [IP_Flow 19-2313] Loaded Vivado IP repository '/Software/xilinx/2019.1-sdx/Vivado/2019.1/data/ip'.
open_project: Time (s): cpu = 00:00:13 ; elapsed = 00:00:18 . Memory (MB): peak = 6544.832 ; gain = 193.750 ; free physical = 3991 ; free virtual = 8024
update_compile_order -fileset sources_1
launch_sdk -workspace /home/manvar00/Downloads/RELEASE_DVD/vivado_designs/Zcu_102_varun/project_2/project_2.sdk -hwspec /home/manvar00/Downloads/RELEASE_DVD/vivado_designs/Zcu_102_varun/project_2/project_2.sdk/Base_Zynq_MPSoC_wrapper.hdf
INFO: [Vivado 12-393] Launching SDK...
INFO: [Vivado 12-417] Running xsdk -workspace /home/manvar00/Downloads/RELEASE_DVD/vivado_designs/Zcu_102_varun/project_2/project_2.sdk -hwspec /home/manvar00/Downloads/RELEASE_DVD/vivado_designs/Zcu_102_varun/project_2/project_2.sdk/Base_Zynq_MPSoC_wrapper.hdf
INFO: [Vivado 12-3157] SDK launch initiated. Please check console for any further messages.
open_bd_design {/home/manvar00/Downloads/RELEASE_DVD/vivado_designs/Zcu_102_varun/project_2/project_2.srcs/sources_1/bd/Base_Zynq_MPSoC/Base_Zynq_MPSoC.bd}
Adding component instance block -- xilinx.com:ip:axi_gpio:2.0 - axi_gpio_0
Adding component instance block -- xilinx.com:ip:axi_interconnect:2.1 - ps8_0_axi_periph
Adding component instance block -- xilinx.com:ip:axi_crossbar:2.1 - xbar
Adding component instance block -- xilinx.com:ip:axi_dwidth_converter:2.1 - auto_ds
Adding component instance block -- xilinx.com:ip:axi_protocol_converter:2.1 - auto_pc
Adding component instance block -- xilinx.com:ip:axi_dwidth_converter:2.1 - auto_ds
Adding component instance block -- xilinx.com:ip:axi_protocol_converter:2.1 - auto_pc
Adding component instance block -- xilinx.com:ip:proc_sys_reset:5.0 - rst_ps8_0_100M
Adding component instance block -- xilinx.com:ip:system_management_wiz:1.3 - system_management_wiz_0
Adding component instance block -- xilinx.com:ip:zynq_ultra_ps_e:3.3 - zynq_ultra_ps_e_0
WARNING: [BD 41-176] The physical port 'M_AXI_HPM0_FPD_aximm_wr_socket' specified in the portmap, is not found on the block! 
WARNING: [BD 41-176] The physical port 'M_AXI_HPM0_FPD_aximm_rd_socket' specified in the portmap, is not found on the block! 
WARNING: [BD 41-176] The physical port 'M_AXI_HPM1_FPD_aximm_wr_socket' specified in the portmap, is not found on the block! 
WARNING: [BD 41-176] The physical port 'M_AXI_HPM1_FPD_aximm_rd_socket' specified in the portmap, is not found on the block! 
Adding component instance block -- xilinx.com:module_ref:aes:1.0 - aes_0
Adding component instance block -- xilinx.com:ip:axi_gpio:2.0 - axi_gpio_1
Adding component instance block -- xilinx.com:module_ref:trigger:1.0 - trigger_0
Successfully read diagram <Base_Zynq_MPSoC> from BD file </home/manvar00/Downloads/RELEASE_DVD/vivado_designs/Zcu_102_varun/project_2/project_2.srcs/sources_1/bd/Base_Zynq_MPSoC/Base_Zynq_MPSoC.bd>
open_bd_design: Time (s): cpu = 00:00:09 ; elapsed = 00:00:14 . Memory (MB): peak = 6723.414 ; gain = 82.582 ; free physical = 150 ; free virtual = 5229
exit
INFO: [Common 17-206] Exiting Vivado at Mon Aug  7 14:42:08 2023...
