Copyright 1986-2019 Xilinx, Inc. All Rights Reserved.
-----------------------------------------------------------------------------------------------------------------------------------------
| Tool Version : Vivado v.2019.1 (lin64) Build 2552052 Fri May 24 14:47:09 MDT 2019
| Date         : Wed Jul 26 14:10:30 2023
| Host         : i80r7node2 running 64-bit CentOS Linux release 7.9.2009 (Core)
| Command      : report_utilization -file Base_Zynq_MPSoC_wrapper_utilization_synth.rpt -pb Base_Zynq_MPSoC_wrapper_utilization_synth.pb
| Design       : Base_Zynq_MPSoC_wrapper
| Device       : xczu9egffvb1156-2
| Design State : Synthesized
-----------------------------------------------------------------------------------------------------------------------------------------

Utilization Design Information

Table of Contents
-----------------
1. CLB Logic
1.1 Summary of Registers by Type
2. BLOCKRAM
3. ARITHMETIC
4. I/O
5. CLOCK
6. ADVANCED
7. CONFIGURATION
8. Primitives
9. Black Boxes
10. Instantiated Netlists

1. CLB Logic
------------

+----------------------------+-------+-------+-----------+-------+
|          Site Type         |  Used | Fixed | Available | Util% |
+----------------------------+-------+-------+-----------+-------+
| CLB LUTs*                  | 14875 |     0 |    274080 |  5.43 |
|   LUT as Logic             | 14672 |     0 |    274080 |  5.35 |
|   LUT as Memory            |   203 |     0 |    144000 |  0.14 |
|     LUT as Distributed RAM |   112 |     0 |           |       |
|     LUT as Shift Register  |    91 |     0 |           |       |
| CLB Registers              |  3480 |     0 |    548160 |  0.63 |
|   Register as Flip Flop    |  3480 |     0 |    548160 |  0.63 |
|   Register as Latch        |     0 |     0 |    548160 |  0.00 |
| CARRY8                     |    16 |     0 |     34260 |  0.05 |
| F7 Muxes                   |   489 |     0 |    137040 |  0.36 |
| F8 Muxes                   |     0 |     0 |     68520 |  0.00 |
| F9 Muxes                   |     0 |     0 |     34260 |  0.00 |
+----------------------------+-------+-------+-----------+-------+
* Warning! The Final LUT count, after physical optimizations and full implementation, is typically lower. Run opt_design after synthesis, if not already completed, for a more realistic count.


1.1 Summary of Registers by Type
--------------------------------

+-------+--------------+-------------+--------------+
| Total | Clock Enable | Synchronous | Asynchronous |
+-------+--------------+-------------+--------------+
| 0     |            _ |           - |            - |
| 0     |            _ |           - |          Set |
| 0     |            _ |           - |        Reset |
| 0     |            _ |         Set |            - |
| 0     |            _ |       Reset |            - |
| 0     |          Yes |           - |            - |
| 66    |          Yes |           - |          Set |
| 138   |          Yes |           - |        Reset |
| 101   |          Yes |         Set |            - |
| 3175  |          Yes |       Reset |            - |
+-------+--------------+-------------+--------------+


2. BLOCKRAM
-----------

+----------------+------+-------+-----------+-------+
|    Site Type   | Used | Fixed | Available | Util% |
+----------------+------+-------+-----------+-------+
| Block RAM Tile |    0 |     0 |       912 |  0.00 |
|   RAMB36/FIFO* |    0 |     0 |       912 |  0.00 |
|   RAMB18       |    0 |     0 |      1824 |  0.00 |
+----------------+------+-------+-----------+-------+
* Note: Each Block RAM Tile only has one FIFO logic available and therefore can accommodate only one FIFO36E2 or one FIFO18E2. However, if a FIFO18E2 occupies a Block RAM Tile, that tile can still accommodate a RAMB18E2


3. ARITHMETIC
-------------

+-----------+------+-------+-----------+-------+
| Site Type | Used | Fixed | Available | Util% |
+-----------+------+-------+-----------+-------+
| DSPs      |    0 |     0 |      2520 |  0.00 |
+-----------+------+-------+-----------+-------+


4. I/O
------

+------------+------+-------+-----------+-------+
|  Site Type | Used | Fixed | Available | Util% |
+------------+------+-------+-----------+-------+
| Bonded IOB |   16 |     0 |       328 |  4.88 |
+------------+------+-------+-----------+-------+


5. CLOCK
--------

+----------------------+------+-------+-----------+-------+
|       Site Type      | Used | Fixed | Available | Util% |
+----------------------+------+-------+-----------+-------+
| GLOBAL CLOCK BUFFERs |    1 |     0 |       404 |  0.25 |
|   BUFGCE             |    0 |     0 |       116 |  0.00 |
|   BUFGCE_DIV         |    0 |     0 |        16 |  0.00 |
|   BUFG_GT            |    0 |     0 |       168 |  0.00 |
|   BUFG_PS            |    1 |     0 |        72 |  1.39 |
|   BUFGCTRL*          |    0 |     0 |        32 |  0.00 |
| PLL                  |    0 |     0 |         8 |  0.00 |
| MMCM                 |    0 |     0 |         4 |  0.00 |
+----------------------+------+-------+-----------+-------+
* Note: Each used BUFGCTRL counts as two GLOBAL CLOCK BUFFERs. This table does not include global clocking resources, only buffer cell usage. See the Clock Utilization Report (report_clock_utilization) for detailed accounting of global clocking resource availability.


6. ADVANCED
-----------

+-----------------+------+-------+-----------+--------+
|    Site Type    | Used | Fixed | Available |  Util% |
+-----------------+------+-------+-----------+--------+
| GTHE4_CHANNEL   |    0 |     0 |        24 |   0.00 |
| GTHE4_COMMON    |    0 |     0 |         6 |   0.00 |
| OBUFDS_GTE4     |    0 |     0 |        12 |   0.00 |
| OBUFDS_GTE4_ADV |    0 |     0 |        12 |   0.00 |
| PS8             |    1 |     0 |         1 | 100.00 |
| SYSMONE4        |    1 |     0 |         1 | 100.00 |
+-----------------+------+-------+-----------+--------+


7. CONFIGURATION
----------------

+-------------+------+-------+-----------+-------+
|  Site Type  | Used | Fixed | Available | Util% |
+-------------+------+-------+-----------+-------+
| BSCANE2     |    0 |     0 |         4 |  0.00 |
| DNA_PORTE2  |    0 |     0 |         1 |  0.00 |
| EFUSE_USR   |    0 |     0 |         1 |  0.00 |
| FRAME_ECCE4 |    0 |     0 |         1 |  0.00 |
| ICAPE3      |    0 |     0 |         2 |  0.00 |
| MASTER_JTAG |    0 |     0 |         1 |  0.00 |
| STARTUPE3   |    0 |     0 |         1 |  0.00 |
+-------------+------+-------+-----------+-------+


8. Primitives
-------------

+----------+-------+---------------------+
| Ref Name |  Used | Functional Category |
+----------+-------+---------------------+
| LUT6     | 11030 |                 CLB |
| FDRE     |  3175 |            Register |
| LUT5     |  1476 |                 CLB |
| LUT2     |  1195 |                 CLB |
| LUT3     |   672 |                 CLB |
| LUT4     |   620 |                 CLB |
| LUT1     |   524 |                 CLB |
| MUXF7    |   489 |                 CLB |
| RAMD32   |   196 |                 CLB |
| FDCE     |   138 |            Register |
| FDSE     |   101 |            Register |
| SRLC32E  |    70 |                 CLB |
| FDPE     |    66 |            Register |
| RAMS32   |    28 |                 CLB |
| SRL16E   |    21 |                 CLB |
| CARRY8   |    16 |                 CLB |
| INBUF    |    12 |                 I/O |
| IBUFCTRL |    12 |              Others |
| OBUF     |     4 |                 I/O |
| SYSMONE4 |     1 |            Advanced |
| PS8      |     1 |            Advanced |
| BUFG_PS  |     1 |               Clock |
+----------+-------+---------------------+


9. Black Boxes
--------------

+----------+------+
| Ref Name | Used |
+----------+------+


10. Instantiated Netlists
-------------------------

+----------+------+
| Ref Name | Used |
+----------+------+


