Copyright 1986-2019 Xilinx, Inc. All Rights Reserved.
---------------------------------------------------------------------------------------------------------------------------------------------------------------
| Tool Version : Vivado v.2019.1 (lin64) Build 2552052 Fri May 24 14:47:09 MDT 2019
| Date         : Wed Jul 26 14:15:08 2023
| Host         : i80r7node2 running 64-bit CentOS Linux release 7.9.2009 (Core)
| Command      : report_drc -file Base_Zynq_MPSoC_wrapper_drc_routed.rpt -pb Base_Zynq_MPSoC_wrapper_drc_routed.pb -rpx Base_Zynq_MPSoC_wrapper_drc_routed.rpx
| Design       : Base_Zynq_MPSoC_wrapper
| Device       : xczu9eg-ffvb1156-2-e
| Speed File   : -2
| Design State : Fully Routed
---------------------------------------------------------------------------------------------------------------------------------------------------------------

Report DRC

Table of Contents
-----------------
1. REPORT SUMMARY
2. REPORT DETAILS

1. REPORT SUMMARY
-----------------
            Netlist: netlist
          Floorplan: design_1
      Design limits: <entire design considered>
           Ruledeck: default
             Max violations: <unlimited>
             Violations found: 1
+-----------+----------+-------------------+------------+
| Rule      | Severity | Description       | Violations |
+-----------+----------+-------------------+------------+
| RTSTAT-10 | Warning  | No routable loads | 1          |
+-----------+----------+-------------------+------------+

2. REPORT DETAILS
-----------------
RTSTAT-10#1 Warning
No routable loads  
436 net(s) have no routable loads. The problem bus(es) and/or net(s) are Base_Zynq_MPSoC_i/ps8_0_axi_periph/s00_couplers/auto_ds/inst/gen_downsizer.gen_simple_downsizer.axi_downsizer_inst/USE_WRITE.write_addr_inst/cmd_queue/inst/fifo_gen_inst/inst_fifo_gen/gconvfifo.rf/grf.rf/gntv_or_sync_fifo.gl0.rd/gr1.gr1_int.rfwft/aempty_fwft_i, Base_Zynq_MPSoC_i/ps8_0_axi_periph/s00_couplers/auto_ds/inst/gen_downsizer.gen_simple_downsizer.axi_downsizer_inst/USE_WRITE.write_addr_inst/USE_B_CHANNEL.cmd_b_queue/inst/fifo_gen_inst/inst_fifo_gen/gconvfifo.rf/grf.rf/gntv_or_sync_fifo.gl0.rd/gr1.gr1_int.rfwft/aempty_fwft_i, Base_Zynq_MPSoC_i/ps8_0_axi_periph/s01_couplers/auto_ds/inst/gen_downsizer.gen_simple_downsizer.axi_downsizer_inst/USE_WRITE.write_addr_inst/USE_B_CHANNEL.cmd_b_queue/inst/fifo_gen_inst/inst_fifo_gen/gconvfifo.rf/grf.rf/gntv_or_sync_fifo.gl0.rd/gr1.gr1_int.rfwft/aempty_fwft_i, Base_Zynq_MPSoC_i/ps8_0_axi_periph/s01_couplers/auto_ds/inst/gen_downsizer.gen_simple_downsizer.axi_downsizer_inst/USE_WRITE.write_addr_inst/cmd_queue/inst/fifo_gen_inst/inst_fifo_gen/gconvfifo.rf/grf.rf/gntv_or_sync_fifo.gl0.rd/gr1.gr1_int.rfwft/aempty_fwft_i, Base_Zynq_MPSoC_i/ps8_0_axi_periph/s01_couplers/auto_ds/inst/gen_downsizer.gen_simple_downsizer.axi_downsizer_inst/USE_READ.read_addr_inst/cmd_queue/inst/fifo_gen_inst/inst_fifo_gen/gconvfifo.rf/grf.rf/gntv_or_sync_fifo.gl0.rd/gr1.gr1_int.rfwft/aempty_fwft_i, Base_Zynq_MPSoC_i/ps8_0_axi_periph/s00_couplers/auto_ds/inst/gen_downsizer.gen_simple_downsizer.axi_downsizer_inst/USE_READ.read_addr_inst/cmd_queue/inst/fifo_gen_inst/inst_fifo_gen/gconvfifo.rf/grf.rf/gntv_or_sync_fifo.gl0.rd/gr1.gr1_int.rfwft/aempty_fwft_i, Base_Zynq_MPSoC_i/system_management_wiz_0/inst/AXI_SYSMON_CORE_I/daddr_C_master_reg2[7:0], Base_Zynq_MPSoC_i/system_management_wiz_0/inst/AXI_SYSMON_CORE_I/daddr_C_master_reg[7:0], Base_Zynq_MPSoC_i/system_management_wiz_0/inst/AXI_SYSMON_CORE_I/daddr_C_slave0_reg2[7:0], Base_Zynq_MPSoC_i/system_management_wiz_0/inst/AXI_SYSMON_CORE_I/daddr_C_slave0_reg[7:0], Base_Zynq_MPSoC_i/system_management_wiz_0/inst/AXI_SYSMON_CORE_I/daddr_C_slave1_reg2[7:0], Base_Zynq_MPSoC_i/system_management_wiz_0/inst/AXI_SYSMON_CORE_I/daddr_C_slave1_reg[7:0], Base_Zynq_MPSoC_i/aes_0/inst/sbox_generate[15].sbox0/datao[7:0], Base_Zynq_MPSoC_i/aes_0/inst/sbox_generate[0].sbox0/datao[7:0], Base_Zynq_MPSoC_i/aes_0/inst/sbox_generate[1].sbox0/datao[7:0] (the first 15 of 99 listed).
Related violations: <none>


