Copyright 1986-2019 Xilinx, Inc. All Rights Reserved.
-------------------------------------------------------------------------------------------------------------------------------------------------------------------------------------------
| Tool Version     : Vivado v.2019.1 (lin64) Build 2552052 Fri May 24 14:47:09 MDT 2019
| Date             : Wed Jul 26 14:15:32 2023
| Host             : i80r7node2 running 64-bit CentOS Linux release 7.9.2009 (Core)
| Command          : report_power -file Base_Zynq_MPSoC_wrapper_power_routed.rpt -pb Base_Zynq_MPSoC_wrapper_power_summary_routed.pb -rpx Base_Zynq_MPSoC_wrapper_power_routed.rpx
| Design           : Base_Zynq_MPSoC_wrapper
| Device           : xczu9eg-ffvb1156-2-e
| Design State     : routed
| Grade            : extended
| Process          : typical
| Characterization : Production
-------------------------------------------------------------------------------------------------------------------------------------------------------------------------------------------

Power Report

Table of Contents
-----------------
1. Summary
1.1 On-Chip Components
1.2 Power Supply Summary
1.3 Confidence Level
2. Settings
2.1 Environment
2.2 Clock Constraints
3. Detailed Reports
3.1 By Hierarchy

1. Summary
----------

+--------------------------+--------------+
| Total On-Chip Power (W)  | 7.333        |
| Design Power Budget (W)  | Unspecified* |
| Power Budget Margin (W)  | NA           |
| Dynamic (W)              | 6.553        |
| Device Static (W)        | 0.779        |
| Effective TJA (C/W)      | 1.0          |
| Max Ambient (C)          | 92.9         |
| Junction Temperature (C) | 32.1         |
| Confidence Level         | Low          |
| Setting File             | ---          |
| Simulation Activity File | ---          |
| Design Nets Matched      | NA           |
+--------------------------+--------------+
* Specify Design Power Budget using, set_operating_conditions -design_power_budget <value in Watts>


1.1 On-Chip Components
----------------------

+--------------------------+-----------+----------+-----------+-----------------+
| On-Chip                  | Power (W) | Used     | Available | Utilization (%) |
+--------------------------+-----------+----------+-----------+-----------------+
| Clocks                   |     0.013 |        3 |       --- |             --- |
| CLB Logic                |     1.989 |    19037 |       --- |             --- |
|   LUT as Logic           |     1.988 |    13705 |    274080 |            5.00 |
|   LUT as Shift Register  |    <0.001 |       91 |    144000 |            0.06 |
|   Register               |    <0.001 |     3329 |    548160 |            0.61 |
|   LUT as Distributed RAM |    <0.001 |      112 |    144000 |            0.08 |
|   CARRY8                 |    <0.001 |       16 |     34260 |            0.05 |
|   Others                 |     0.000 |      194 |       --- |             --- |
|   F7/F8 Muxes            |     0.000 |      489 |    274080 |            0.18 |
| Signals                  |     1.867 |    17356 |       --- |             --- |
| I/O                      |     0.003 |       16 |       328 |            4.88 |
| SYSMON                   |     0.005 |        1 |       --- |             --- |
| PS8                      |     2.677 |        1 |       --- |             --- |
| Static Power             |     0.779 |          |           |                 |
|   PS Static              |     0.103 |          |           |                 |
|   PL Static              |     0.676 |          |           |                 |
| Total                    |     7.333 |          |           |                 |
+--------------------------+-----------+----------+-----------+-----------------+


1.2 Power Supply Summary
------------------------

+-----------------+-------------+-----------+-------------+------------+
| Source          | Voltage (V) | Total (A) | Dynamic (A) | Static (A) |
+-----------------+-------------+-----------+-------------+------------+
| Vccint          |       0.850 |     4.789 |       4.558 |      0.231 |
| Vccint_io       |       0.850 |     0.036 |       0.000 |      0.036 |
| Vccbram         |       0.850 |     0.003 |       0.000 |      0.003 |
| Vccaux          |       1.800 |     0.191 |       0.000 |      0.191 |
| Vccaux_io       |       1.800 |     0.033 |       0.000 |      0.033 |
| Vcco33          |       3.300 |     0.009 |       0.001 |      0.009 |
| Vcco25          |       2.500 |     0.000 |       0.000 |      0.000 |
| Vcco18          |       1.800 |     0.000 |       0.000 |      0.000 |
| Vcco15          |       1.500 |     0.000 |       0.000 |      0.000 |
| Vcco135         |       1.350 |     0.000 |       0.000 |      0.000 |
| Vcco12          |       1.200 |     0.000 |       0.000 |      0.000 |
| Vcco10          |       1.000 |     0.000 |       0.000 |      0.000 |
| Vccadc          |       1.800 |     0.008 |       0.000 |      0.008 |
| VCC_PSINTFP     |       0.850 |     1.073 |       1.034 |      0.039 |
| VCC_PSINTLP     |       0.850 |     0.276 |       0.268 |      0.008 |
| VPS_MGTRAVCC    |       0.850 |     0.139 |       0.138 |      0.001 |
| VCC_PSINTFP_DDR |       0.850 |     0.690 |       0.685 |      0.005 |
| VCC_PSPLL       |       1.200 |     0.073 |       0.071 |      0.002 |
| VPS_MGTRAVTT    |       1.800 |     0.034 |       0.033 |      0.001 |
| VCCO_PSDDR_504  |       1.200 |     0.620 |       0.586 |      0.034 |
| VCC_PSAUX       |       1.800 |     0.002 |       0.000 |      0.002 |
| VCC_PSBATT      |       1.200 |     0.000 |       0.000 |      0.000 |
| VCC_PSDDR_PLL   |       1.800 |     0.012 |       0.011 |      0.001 |
| VCCO_PSIO0_500  |       1.800 |     0.001 |       0.001 |      0.001 |
| VCCO_PSIO1_501  |       1.800 |     0.001 |       0.000 |      0.001 |
| VCCO_PSIO2_502  |       1.800 |     0.001 |       0.000 |      0.001 |
| VCCO_PSIO3_503  |       3.300 |     0.001 |       0.000 |      0.001 |
| VCC_PSADC       |       1.800 |     0.002 |       0.000 |      0.002 |
| MGTAVcc         |       0.900 |     0.000 |       0.000 |      0.000 |
| MGTAVtt         |       1.200 |     0.000 |       0.000 |      0.000 |
| MGTVccaux       |       1.800 |     0.000 |       0.000 |      0.000 |
+-----------------+-------------+-----------+-------------+------------+


1.3 Confidence Level
--------------------

+-----------------------------+------------+--------------------------------------------------------+------------------------------------------------------------------------------------------------------------+
| User Input Data             | Confidence | Details                                                | Action                                                                                                     |
+-----------------------------+------------+--------------------------------------------------------+------------------------------------------------------------------------------------------------------------+
| Design implementation state | High       | Design is routed                                       |                                                                                                            |
| Clock nodes activity        | High       | User specified more than 95% of clocks                 |                                                                                                            |
| I/O nodes activity          | Low        | More than 75% of inputs are missing user specification | Provide missing input activity with simulation results or by editing the "By Resource Type -> I/Os" view   |
| Internal nodes activity     | Medium     | User specified less than 25% of internal nodes         | Provide missing internal nodes activity with simulation results or by editing the "By Resource Type" views |
| Device models               | High       | Device models are Production                           |                                                                                                            |
|                             |            |                                                        |                                                                                                            |
| Overall confidence level    | Low        |                                                        |                                                                                                            |
+-----------------------------+------------+--------------------------------------------------------+------------------------------------------------------------------------------------------------------------+


2. Settings
-----------

2.1 Environment
---------------

+-----------------------+--------------------------+
| Ambient Temp (C)      | 25.0                     |
| ThetaJA (C/W)         | 1.0                      |
| Airflow (LFM)         | 250                      |
| Heat Sink             | medium (Medium Profile)  |
| ThetaSA (C/W)         | 1.5                      |
| Board Selection       | medium (10"x10")         |
| # of Board Layers     | 12to15 (12 to 15 Layers) |
| Board Temperature (C) | 25.0                     |
+-----------------------+--------------------------+


2.2 Clock Constraints
---------------------

+----------+---------------------------------------------------------------+-----------------+
| Clock    | Domain                                                        | Constraint (ns) |
+----------+---------------------------------------------------------------+-----------------+
| clk_pl_0 | Base_Zynq_MPSoC_i/zynq_ultra_ps_e_0/inst/pl_clk_unbuffered[0] |            10.0 |
+----------+---------------------------------------------------------------+-----------------+


3. Detailed Reports
-------------------

3.1 By Hierarchy
----------------

+-----------------------------+-----------+
| Name                        | Power (W) |
+-----------------------------+-----------+
| Base_Zynq_MPSoC_wrapper     |     6.553 |
|   Base_Zynq_MPSoC_i         |     6.551 |
|     aes_0                   |     3.842 |
|       inst                  |     3.842 |
|     ps8_0_axi_periph        |     0.022 |
|       s00_couplers          |     0.010 |
|       s01_couplers          |     0.010 |
|       xbar                  |     0.002 |
|     system_management_wiz_0 |     0.006 |
|       inst                  |     0.006 |
|     trigger_0               |     0.001 |
|       inst                  |     0.001 |
|     zynq_ultra_ps_e_0       |     2.679 |
|       inst                  |     2.679 |
+-----------------------------+-----------+


